INFO: [VRFC 10-2263] Analyzing Verilog file "E:/US study/WPI/2021_Spring/Courses/D_ECE2029/BlockVoid/BlockVoid.sim/sim_1/impl/timing/xsim/tb_scroller_time_impl.v" into library xil_defaultlib
INFO: [VRFC 10-311] analyzing module Background_Scroller
INFO: [VRFC 10-311] analyzing module Block_Gen_v2
INFO: [VRFC 10-311] analyzing module Display
INFO: [VRFC 10-311] analyzing module PRNG_3bit
INFO: [VRFC 10-311] analyzing module PRNG_7bit_v3
INFO: [VRFC 10-311] analyzing module Top_Level
INFO: [VRFC 10-311] analyzing module Variable_Clk
INFO: [VRFC 10-311] analyzing module clock200Hz
INFO: [VRFC 10-311] analyzing module counter2bit
INFO: [VRFC 10-311] analyzing module decoder2to4
INFO: [VRFC 10-311] analyzing module mux4to1
INFO: [VRFC 10-311] analyzing module glbl
INFO: [VRFC 10-2263] Analyzing Verilog file "E:/US study/WPI/2021_Spring/Courses/D_ECE2029/BlockVoid/BlockVoid.srcs/sources_1/new/Block_Gen_v2.v" into library xil_defaultlib
INFO: [VRFC 10-311] analyzing module Block_Gen_v2
WARNING: [VRFC 10-3609] overwriting previous definition of module 'Block_Gen_v2' [E:/US study/WPI/2021_Spring/Courses/D_ECE2029/BlockVoid/BlockVoid.srcs/sources_1/new/Block_Gen_v2.v:23]
INFO: [VRFC 10-2263] Analyzing Verilog file "E:/US study/WPI/2021_Spring/Courses/D_ECE2029/BlockVoid/BlockVoid.srcs/sources_1/new/PRNG_3bit.v" into library xil_defaultlib
INFO: [VRFC 10-311] analyzing module PRNG_3bit
WARNING: [VRFC 10-3609] overwriting previous definition of module 'PRNG_3bit' [E:/US study/WPI/2021_Spring/Courses/D_ECE2029/BlockVoid/BlockVoid.srcs/sources_1/new/PRNG_3bit.v:23]
INFO: [VRFC 10-2263] Analyzing Verilog file "E:/US study/WPI/2021_Spring/Courses/D_ECE2029/BlockVoid/BlockVoid.srcs/sources_1/new/PRNG_7bit_v3.v" into library xil_defaultlib
INFO: [VRFC 10-311] analyzing module PRNG_7bit_v3
WARNING: [VRFC 10-3609] overwriting previous definition of module 'PRNG_7bit_v3' [E:/US study/WPI/2021_Spring/Courses/D_ECE2029/BlockVoid/BlockVoid.srcs/sources_1/new/PRNG_7bit_v3.v:23]
INFO: [VRFC 10-2263] Analyzing Verilog file "E:/US study/WPI/2021_Spring/Courses/D_ECE2029/BlockVoid/BlockVoid.srcs/sim_1/new/tb_scroller.v" into library xil_defaultlib
INFO: [VRFC 10-311] analyzing module tb_scroller
